    0.8331539006    0.1517688323   -0.1509424017   -0.1030696554
    0.0996798329   -0.0209374641   -0.0571390061   -0.1315555567
   -0.1117717129   -0.0577860452    0.0051841003   -0.0046294949
   -0.6151591939   -0.1250772088    0.2882810736
    0.1517710977    0.7098732840    0.0783304486    0.0883205696
   -0.2346770315    0.0373648844   -0.1162364204   -0.3332252773
   -0.2733679589    0.0074479098   -0.1245341011    0.0959556537
   -0.1313031567   -0.0174368741    0.0617169721
   -0.1509409758    0.0783313195    0.6203164976   -0.0111803712
    0.0238072071   -0.0585794064   -0.0977025229   -0.2733055060
   -0.2406528820   -0.0100964437    0.1154405434   -0.2091890055
    0.2699203137    0.0557264360   -0.1118952038
   -0.1030692204    0.0883211822   -0.0111804509    0.1084813672
   -0.1071205457    0.0123915063    0.0095146962   -0.0109923639
    0.0027637088   -0.0007393918   -0.0035593803   -0.0004027357
   -0.0141874511    0.0333511078   -0.0035720285
    0.0996865738   -0.2346746850    0.0237600221   -0.1071216502
    0.2378469630   -0.0269527220    0.0131522370   -0.0076394270
    0.0055201980   -0.0011434542    0.0006681135   -0.0029443131
   -0.0045737064    0.0037990356    0.0006168150
   -0.0209321366    0.0373562631   -0.0586151475    0.0123896645
   -0.0269558513    0.0472808387    0.0163340701   -0.0125970966
    0.0030831845   -0.0125958744    0.0111440675    0.0060966591
    0.0048042763   -0.0089473826    0.0021544652
   -0.0571401003   -0.1162935334   -0.0976846612    0.0095091154
    0.0131719428    0.0163259840    0.0621538639    0.1367764787
    0.1150211057    0.0017631264   -0.0011318819    0.0005487900
   -0.0162860054   -0.0325230063   -0.0342112186
   -0.1315726793   -0.3331962594   -0.2733295452   -0.0109859743
   -0.0076647237   -0.0126026678    0.1367639257    0.3346956100
    0.2783291680    0.0065706617    0.0104422600    0.0153072800
   -0.0007759339   -0.0042768869   -0.0077042350
   -0.1117852744   -0.2733586218   -0.2406492467    0.0027673886
    0.0055021623    0.0030727618    0.1150159168    0.2783233048
    0.2516412389   -0.0145375898   -0.0208967691   -0.0247145165
    0.0085395587    0.0104299239    0.0106497625
   -0.0577888511    0.0074169011   -0.0100774390   -0.0007418917
   -0.0011329947   -0.0126008548    0.0017651602    0.0065732437
   -0.0145380973    0.0459794995   -0.0036416918    0.0096425165
    0.0107860830   -0.0092154583    0.0275738746
    0.0051784611   -0.1245264102    0.1154394915   -0.0035573240
    0.0006760802    0.0111521110   -0.0011464313    0.0104535504
   -0.0208953376   -0.0036512935    0.1153719477   -0.1078530211
    0.0031765876   -0.0019751682    0.0021567562
   -0.0046228923    0.0959355425   -0.2091843448   -0.0004062051
   -0.0029538666    0.0060813125    0.0005593213    0.0152996033
   -0.0247127279    0.0096507310   -0.1078487430    0.2318945958
   -0.0051809548   -0.0004325362   -0.0040788355
   -0.6151617557   -0.1313070591    0.2699060834   -0.0141871315
   -0.0045653047    0.0048112640   -0.0162916163   -0.0007740536
    0.0085389334    0.0107812558    0.0031715288   -0.0051741442
    0.6348592477    0.1334748886   -0.2780821366
   -0.1251071514   -0.0174001770    0.0557061506    0.0333610964
    0.0037814124   -0.0089390590   -0.0325252810   -0.0042757943
    0.0104336746   -0.0092140595   -0.0019883846   -0.0004229929
    0.1334853954    0.0198829435   -0.0567777733
    0.2882866062    0.0617071852   -0.1118990733   -0.0035742129
    0.0006110505    0.0021467731   -0.0342049585   -0.0077022043
    0.0106554453    0.0275787644    0.0021588524   -0.0040782904
   -0.2780861992   -0.0567748837    0.1031751453
